2018-10-11 07:00:05.8489 Info Message Template Auto Format enabled
2018-10-11 07:00:05.8982 Info Adding target ColoredConsole Target[coloredConsole]
2018-10-11 07:00:05.9072 Info Configured from an XML element in /home/cailliaua/DocIntel/DocIntel.RabbitMQThumbnailer/bin/Debug/netcoreapp2.1/nlog.config...
2018-10-11 07:00:05.9241 Info Found 32 configuration items
2018-10-11 07:00:27.9947 Info Message Template Auto Format enabled
2018-10-11 07:00:28.0437 Info Adding target ColoredConsole Target[coloredConsole]
2018-10-11 07:00:28.0533 Info Configured from an XML element in /home/cailliaua/DocIntel/DocIntel.RabbitMQThumbnailer/bin/Debug/netcoreapp2.1/nlog.config...
2018-10-11 07:00:28.0700 Info Found 32 configuration items
2018-10-11 07:01:00.3098 Info Message Template Auto Format enabled
2018-10-11 07:01:00.3590 Info Adding target ColoredConsole Target[coloredConsole]
2018-10-11 07:01:00.3686 Info Configured from an XML element in /home/cailliaua/DocIntel/DocIntel.RabbitMQThumbnailer/bin/Debug/netcoreapp2.1/nlog.config...
2018-10-11 07:01:00.3864 Info Found 32 configuration items
2018-10-11 07:01:21.6501 Info Message Template Auto Format enabled
2018-10-11 07:01:21.6943 Info Adding target ColoredConsole Target[coloredConsole]
2018-10-11 07:01:21.7027 Info Configured from an XML element in /home/cailliaua/DocIntel/DocIntel.RabbitMQThumbnailer/bin/Debug/netcoreapp2.1/nlog.config...
2018-10-11 07:01:21.7206 Info Found 32 configuration items
2018-10-11 07:03:47.3347 Info Logger closing down...
2018-10-11 07:03:47.3504 Info Closing old configuration.
2018-10-11 07:03:47.3672 Info Logger has been closed down.
2018-10-11 07:03:47.3672 Info Shutting down logging...
2018-10-11 07:03:47.3672 Info Logger has been shut down.
2018-10-11 07:04:30.6451 Info Message Template Auto Format enabled
2018-10-11 07:04:30.6864 Info Adding target ColoredConsole Target[coloredConsole]
2018-10-11 07:04:30.6950 Info Configured from an XML element in /home/cailliaua/DocIntel/DocIntel.RabbitMQThumbnailer/bin/Debug/netcoreapp2.1/nlog.config...
2018-10-11 07:04:30.7119 Info Found 32 configuration items
2018-10-11 07:04:52.0711 Info Logger closing down...
2018-10-11 07:04:52.0745 Info Closing old configuration.
2018-10-11 07:04:52.0877 Info Logger has been closed down.
2018-10-11 07:04:52.0877 Info Shutting down logging...
2018-10-11 07:04:52.0877 Info Logger has been shut down.
